Traceback (most recent call last):
  File "/home/ubuntu/Desktop/WebSocket/websocket-demo/gunicorn_config.py", line 24, in <module>
    gunicorn.app.base.BaseApplication.run(**gunicorn_config)
AttributeError: module 'gunicorn' has no attribute 'app'
[2024-05-05 18:26:40 +0530] [121325] [INFO] Starting gunicorn 22.0.0
[2024-05-05 18:26:40 +0530] [121325] [INFO] Listening at: http://0.0.0.0:9001 (121325)
[2024-05-05 18:26:40 +0530] [121325] [INFO] Using worker: uvicorn.workers.UvicornWorker
[2024-05-05 18:26:40 +0530] [121326] [INFO] Booting worker with pid: 121326
[2024-05-05 18:26:40 +0530] [121327] [INFO] Booting worker with pid: 121327
[2024-05-05 18:26:40 +0530] [121328] [INFO] Booting worker with pid: 121328
[2024-05-05 18:26:40 +0530] [121329] [INFO] Booting worker with pid: 121329
[2024-05-05 18:26:40 +0530] [121330] [INFO] Booting worker with pid: 121330
[2024-05-05 18:26:40 +0530] [121331] [INFO] Booting worker with pid: 121331
[2024-05-05 18:26:40 +0530] [121332] [INFO] Booting worker with pid: 121332
[2024-05-05 18:26:40 +0530] [121333] [INFO] Booting worker with pid: 121333
[2024-05-05 18:26:40 +0530] [121334] [INFO] Booting worker with pid: 121334
[2024-05-05 18:26:42 +0530] [121326] [INFO] Started server process [121326]
[2024-05-05 18:26:42 +0530] [121326] [INFO] Waiting for application startup.
[2024-05-05 18:26:42 +0530] [121326] [INFO] Application startup complete.
[2024-05-05 18:26:42 +0530] [121329] [INFO] Started server process [121329]
[2024-05-05 18:26:42 +0530] [121329] [INFO] Waiting for application startup.
[2024-05-05 18:26:42 +0530] [121329] [INFO] Application startup complete.
[2024-05-05 18:26:42 +0530] [121327] [INFO] Started server process [121327]
[2024-05-05 18:26:42 +0530] [121327] [INFO] Waiting for application startup.
[2024-05-05 18:26:42 +0530] [121327] [INFO] Application startup complete.
[2024-05-05 18:26:42 +0530] [121328] [INFO] Started server process [121328]
[2024-05-05 18:26:42 +0530] [121328] [INFO] Waiting for application startup.
[2024-05-05 18:26:42 +0530] [121328] [INFO] Application startup complete.
[2024-05-05 18:26:42 +0530] [121331] [INFO] Started server process [121331]
[2024-05-05 18:26:42 +0530] [121331] [INFO] Waiting for application startup.
[2024-05-05 18:26:42 +0530] [121331] [INFO] Application startup complete.
[2024-05-05 18:26:42 +0530] [121332] [INFO] Started server process [121332]
[2024-05-05 18:26:42 +0530] [121332] [INFO] Waiting for application startup.
[2024-05-05 18:26:42 +0530] [121332] [INFO] Application startup complete.
[2024-05-05 18:26:42 +0530] [121330] [INFO] Started server process [121330]
[2024-05-05 18:26:42 +0530] [121330] [INFO] Waiting for application startup.
[2024-05-05 18:26:42 +0530] [121330] [INFO] Application startup complete.
[2024-05-05 18:26:42 +0530] [121334] [INFO] Started server process [121334]
[2024-05-05 18:26:42 +0530] [121334] [INFO] Waiting for application startup.
[2024-05-05 18:26:42 +0530] [121334] [INFO] Application startup complete.
[2024-05-05 18:26:42 +0530] [121333] [INFO] Started server process [121333]
[2024-05-05 18:26:42 +0530] [121333] [INFO] Waiting for application startup.
[2024-05-05 18:26:42 +0530] [121333] [INFO] Application startup complete.
[2024-05-05 18:26:46 +0530] [121330] [INFO] ('192.168.29.131', 33044) - "WebSocket /socket.io/?EIO=4&transport=websocket" [accepted]
[2024-05-05 18:26:46 +0530] [121330] [INFO] connection open
